# JRE version: Java(TM) SE Runtime Environment (8.0_60-b27) (build 1.8.0_60-b27)
# Java VM: Java HotSpot(TM) 64-Bit Server VM (25.60-b23 mixed mode bsd-amd64 compressed oops)
Heap:
 PSYoungGen      total 524288K, used 357619K [0x000000076ab00000, 0x000000079c200000, 0x00000007c0000000)
  eden space 523264K, 68% used [0x000000076ab00000,0x000000078083cff0,0x000000078aa00000)
  from space 1024K, 0% used [0x000000079c100000,0x000000079c100000,0x000000079c200000)
  to   space 143360K, 0% used [0x000000078aa00000,0x000000078aa00000,0x0000000793600000)
 ParOldGen       total 706048K, used 406639K [0x00000006c0000000, 0x00000006eb180000, 0x000000076ab00000)
  object space 706048K, 57% used [0x00000006c0000000,0x00000006d8d1bf00,0x00000006eb180000)
 Metaspace       used 2753K, capacity 4494K, committed 4864K, reserved 1056768K
  class space    used 292K, capacity 386K, committed 512K, reserved 1048576K
GC Heap History (10 events):
Event: 2047.933 GC heap before
{Heap before GC invocations=9 (full 1):
 PSYoungGen      total 304128K, used 230750K [0x000000076ab00000, 0x0000000794680000, 0x00000007c0000000)
  eden space 218624K, 66% used [0x000000076ab00000,0x00000007738ded90,0x0000000778080000)
  from space 85504K, 99% used [0x0000000778080000,0x000000077d3f8a98,0x000000077d400000)
  to   space 123392K, 0% used [0x000000078ce00000,0x000000078ce00000,0x0000000794680000)
 ParOldGen       total 260608K, used 180930K [0x00000006c0000000, 0x00000006cfe80000, 0x000000076ab00000)
  object space 260608K, 69% used [0x00000006c0000000,0x00000006cb0b0920,0x00000006cfe80000)
 Metaspace       used 2753K, capacity 4494K, committed 4864K, reserved 1056768K
  class space    used 292K, capacity 386K, committed 512K, reserved 1048576K
Event: 2048.032 GC heap after
Heap after GC invocations=9 (full 1):
 PSYoungGen      total 540160K, used 113282K [0x000000076ab00000, 0x0000000796d80000, 0x00000007c0000000)
  eden space 416768K, 0% used [0x000000076ab00000,0x000000076ab00000,0x0000000784200000)
  from space 123392K, 91% used [0x000000078ce00000,0x0000000793ca0a98,0x0000000794680000)
  to   space 143360K, 0% used [0x0000000784200000,0x0000000784200000,0x000000078ce00000)
 ParOldGen       total 260608K, used 180930K [0x00000006c0000000, 0x00000006cfe80000, 0x000000076ab00000)
  object space 260608K, 69% used [0x00000006c0000000,0x00000006cb0b0920,0x00000006cfe80000)
 Metaspace       used 2753K, capacity 4494K, committed 4864K, reserved 1056768K
  class space    used 292K, capacity 386K, committed 512K, reserved 1048576K
}
Event: 2048.291 GC heap before
{Heap before GC invocations=10 (full 1):
 PSYoungGen      total 540160K, used 530050K [0x000000076ab00000, 0x0000000796d80000, 0x00000007c0000000)
  eden space 416768K, 100% used [0x000000076ab00000,0x0000000784200000,0x0000000784200000)
  from space 123392K, 91% used [0x000000078ce00000,0x0000000793ca0a98,0x0000000794680000)
  to   space 143360K, 0% used [0x0000000784200000,0x0000000784200000,0x000000078ce00000)
 ParOldGen       total 260608K, used 180930K [0x00000006c0000000, 0x00000006cfe80000, 0x000000076ab00000)
  object space 260608K, 69% used [0x00000006c0000000,0x00000006cb0b0920,0x00000006cfe80000)
 Metaspace       used 2753K, capacity 4494K, committed 4864K, reserved 1056768K
  class space    used 292K, capacity 386K, committed 512K, reserved 1048576K
Event: 2048.400 GC heap after
Heap after GC invocations=10 (full 1):
 PSYoungGen      total 560128K, used 76418K [0x000000076ab00000, 0x00000007a4c00000, 0x00000007c0000000)
  eden space 416768K, 0% used [0x000000076ab00000,0x000000076ab00000,0x0000000784200000)
  from space 143360K, 53% used [0x0000000784200000,0x0000000788ca0a88,0x000000078ce00000)
  to   space 142336K, 0% used [0x000000079c100000,0x000000079c100000,0x00000007a4c00000)
 ParOldGen       total 408576K, used 328386K [0x00000006c0000000, 0x00000006d8f00000, 0x000000076ab00000)
  object space 408576K, 80% used [0x00000006c0000000,0x00000006d40b0930,0x00000006d8f00000)
 Metaspace       used 2753K, capacity 4494K, committed 4864K, reserved 1056768K
  class space    used 292K, capacity 386K, committed 512K, reserved 1048576K
}
Event: 2048.400 GC heap before
{Heap before GC invocations=11 (full 2):
 PSYoungGen      total 560128K, used 76418K [0x000000076ab00000, 0x00000007a4c00000, 0x00000007c0000000)
  eden space 416768K, 0% used [0x000000076ab00000,0x000000076ab00000,0x0000000784200000)
  from space 143360K, 53% used [0x0000000784200000,0x0000000788ca0a88,0x000000078ce00000)
  to   space 142336K, 0% used [0x000000079c100000,0x000000079c100000,0x00000007a4c00000)
 ParOldGen       total 408576K, used 328386K [0x00000006c0000000, 0x00000006d8f00000, 0x000000076ab00000)
  object space 408576K, 80% used [0x00000006c0000000,0x00000006d40b0930,0x00000006d8f00000)
 Metaspace       used 2753K, capacity 4494K, committed 4864K, reserved 1056768K
  class space    used 292K, capacity 386K, committed 512K, reserved 1048576K
Event: 2049.685 GC heap after
Heap after GC invocations=11 (full 2):
 PSYoungGen      total 560128K, used 0K [0x000000076ab00000, 0x00000007a4c00000, 0x00000007c0000000)
  eden space 416768K, 0% used [0x000000076ab00000,0x000000076ab00000,0x0000000784200000)
  from space 143360K, 0% used [0x0000000784200000,0x0000000784200000,0x000000078ce00000)
  to   space 142336K, 0% used [0x000000079c100000,0x000000079c100000,0x00000007a4c00000)
 ParOldGen       total 581632K, used 380483K [0x00000006c0000000, 0x00000006e3800000, 0x000000076ab00000)
  object space 581632K, 65% used [0x00000006c0000000,0x00000006d7390e80,0x00000006e3800000)
 Metaspace       used 2753K, capacity 4494K, committed 4864K, reserved 1056768K
  class space    used 292K, capacity 386K, committed 512K, reserved 1048576K
}
Event: 2050.088 GC heap before
{Heap before GC invocations=12 (full 2):
 PSYoungGen      total 560128K, used 412859K [0x000000076ab00000, 0x00000007a4c00000, 0x00000007c0000000)
  eden space 416768K, 99% used [0x000000076ab00000,0x0000000783e2ef58,0x0000000784200000)
  from space 143360K, 0% used [0x0000000784200000,0x0000000784200000,0x000000078ce00000)
  to   space 142336K, 0% used [0x000000079c100000,0x000000079c100000,0x00000007a4c00000)
 ParOldGen       total 877056K, used 675395K [0x00000006c0000000, 0x00000006f5880000, 0x000000076ab00000)
  object space 877056K, 77% used [0x00000006c0000000,0x00000006e9390e90,0x00000006f5880000)
 Metaspace       used 2753K, capacity 4494K, committed 4864K, reserved 1056768K
  class space    used 292K, capacity 386K, committed 512K, reserved 1048576K
Event: 2050.187 GC heap after
Heap after GC invocations=12 (full 2):
 PSYoungGen      total 524288K, used 32K [0x000000076ab00000, 0x000000079c200000, 0x00000007c0000000)
  eden space 523264K, 0% used [0x000000076ab00000,0x000000076ab00000,0x000000078aa00000)
  from space 1024K, 3% used [0x000000079c100000,0x000000079c108000,0x000000079c200000)
  to   space 143360K, 0% used [0x000000078aa00000,0x000000078aa00000,0x0000000793600000)
 ParOldGen       total 877056K, used 849007K [0x00000006c0000000, 0x00000006f5880000, 0x000000076ab00000)
  object space 877056K, 96% used [0x00000006c0000000,0x00000006f3d1bf40,0x00000006f5880000)
 Metaspace       used 2753K, capacity 4494K, committed 4864K, reserved 1056768K
  class space    used 292K, capacity 386K, committed 512K, reserved 1048576K
}
Event: 2050.187 GC heap before
{Heap before GC invocations=13 (full 3):
 PSYoungGen      total 524288K, used 32K [0x000000076ab00000, 0x000000079c200000, 0x00000007c0000000)
  eden space 523264K, 0% used [0x000000076ab00000,0x000000076ab00000,0x000000078aa00000)
  from space 1024K, 3% used [0x000000079c100000,0x000000079c108000,0x000000079c200000)
  to   space 143360K, 0% used [0x000000078aa00000,0x000000078aa00000,0x0000000793600000)
 ParOldGen       total 877056K, used 849007K [0x00000006c0000000, 0x00000006f5880000, 0x000000076ab00000)
  object space 877056K, 96% used [0x00000006c0000000,0x00000006f3d1bf40,0x00000006f5880000)
 Metaspace       used 2753K, capacity 4494K, committed 4864K, reserved 1056768K
  class space    used 292K, capacity 386K, committed 512K, reserved 1048576K
Event: 2051.037 GC heap after
Heap after GC invocations=13 (full 3):
 PSYoungGen      total 524288K, used 0K [0x000000076ab00000, 0x000000079c200000, 0x00000007c0000000)
  eden space 523264K, 0% used [0x000000076ab00000,0x000000076ab00000,0x000000078aa00000)
  from space 1024K, 0% used [0x000000079c100000,0x000000079c100000,0x000000079c200000)
  to   space 143360K, 0% used [0x000000078aa00000,0x000000078aa00000,0x0000000793600000)
 ParOldGen       total 706048K, used 406639K [0x00000006c0000000, 0x00000006eb180000, 0x000000076ab00000)
  object space 706048K, 57% used [0x00000006c0000000,0x00000006d8d1bf00,0x00000006eb180000)
 Metaspace       used 2753K, capacity 4494K, committed 4864K, reserved 1056768K
  class space    used 292K, capacity 386K, committed 512K, reserved 1048576K
}

